<?xml version="1.0" encoding="UTF-8"?>
<testsuite xmlns:xsi="http://www.w3.org/2001/XMLSchema-instance" xsi:noNamespaceSchemaLocation="https://maven.apache.org/surefire/maven-surefire-plugin/xsd/surefire-test-report-3.0.xsd" version="3.0" name="com.rastredor.RegistroSintomaServiceTest" time="0.228" tests="6" errors="0" skipped="0" failures="0">
  <properties>
[...]
</properties>
  <testcase name="deveRejeitarIntensidadeAbaixoDoLimite" classname="com.rastredor.RegistroSintomaServiceTest" time="0.18">
    <system-err><![CDATA[SLF4J: Failed to load class "org.slf4j.impl.StaticLoggerBinder".
SLF4J: Defaulting to no-operation (NOP) logger implementation
SLF4J: See http://www.slf4j.org/codes.html#StaticLoggerBinder for further details.
]]></system-err>
  </testcase>
  <testcase name="deveRejeitarIntensidadeAcimaDoLimite" classname="com.rastredor.RegistroSintomaServiceTest" time="0.004"/>
  <testcase name="deveRetornarMensagemQuandoPeriodoSemRegistros" classname="com.rastredor.RegistroSintomaServiceTest" time="0.007"/>
  <testcase name="deveRejeitarGatilhoVazio" classname="com.rastredor.RegistroSintomaServiceTest" time="0.0"/>
  <testcase name="deveRejeitarLocalizacaoVazia" classname="com.rastredor.RegistroSintomaServiceTest" time="0.0"/>
  <testcase name="deveRegistrarEpisodioValido" classname="com.rastredor.RegistroSintomaServiceTest" time="0.008"/>
</testsuite>